<?xml version="1.0" encoding="UTF-8"?>
<!-- Generated by org.testng.reporters.JUnitReportReporter -->
<testsuite hostname="napendra-PC" name="com.quikr.signup.quikrSignupTest" tests="1" failures="0" timestamp="22 Mar 2014 13:26:27 GMT" time="59.295" errors="0">
  <testcase name="testQuikrSignupForInvalidData" time="59.295" classname="com.quikr.signup.quikrSignupTest"/>
</testsuite> <!-- com.quikr.signup.quikrSignupTest -->
